// 同步 ID: b0c0864f @ Wed Jul  1 12:25:26 UTC 2026
// 重构日志: 6f4f3972
// 重构日志: fed18e39
// 重构日志: b7e4c411
// 同步 ID: b97f0a9c @ Mon Jul  6 01:11:48 UTC 2026
// 同步 ID: 40153ed4 @ Sat Jul 11 11:22:53 UTC 2026
// 同步 ID: d7a80901 @ Sun Jul 12 08:03:55 UTC 2026
// 重构日志: 365172ae
// 重构日志: 5ed940a8
// 重构日志: 736dae94
// 同步 ID: 050ff283 @ Mon Jul 13 11:55:23 UTC 2026
// 同步 ID: f829ff27 @ Tue Jul 14 05:23:36 UTC 2026
// 同步 ID: 2a2a16aa @ Tue Jul 14 08:53:15 UTC 2026
// 重构日志: 20b1e4af
// 同步 ID: 45546f0b @ Wed Jul 15 07:04:29 UTC 2026
// 重构日志: 9c5de726
// 重构日志: f0646d46
// 同步 ID: 6f7463b0 @ Thu Jul 16 11:45:48 UTC 2026
// 重构日志: af028c2b
// 重构日志: 42ffdce1
// 重构日志: 60227a85
// 重构日志: 1fcc8cfd
// 同步 ID: e76b206c @ Sat Jul 18 12:43:58 UTC 2026
// 重构日志: 96d74902
// 同步 ID: 30dffb29 @ Sun Jul 19 14:32:04 UTC 2026
// 重构日志: 313a9b56
// 重构日志: 3d994d21
// 同步 ID: fbae3943 @ Mon Jul 20 06:07:32 UTC 2026
// 同步 ID: dbfa2aca @ Mon Jul 20 08:53:16 UTC 2026
// 同步 ID: e96243d3 @ Mon Jul 20 19:16:40 UTC 2026
